<?xml version="1.0" encoding="UTF-8"?>
<!-- Generated by org.testng.reporters.JUnitReportReporter -->
<testsuite hostname="DESKTOP-2840489" failures="0" tests="1" name="BasicTest" time="0.006" errors="0" timestamp="2024-01-16T22:29:31 EST" skipped="0">
  <testcase classname="BasicTest" name="baseTest" time="0.006"/>
</testsuite> <!-- BasicTest -->
